[Running] cd "/home/rohit/cp/" && g++ program.cpp -o program && "/home/rohit/cp/"program
program.cpp: In function 'int main()':
program.cpp:41:15: error: no match for 'operator<<' (operand types are 'std::basic_ostream<char>' and '<unresolved overloaded function type>')
   41 |   cout << ans << end;
      |   ~~~~~~~~~~~~^~~~~~
In file included from /usr/include/c++/10.2.0/istream:39,
                 from /usr/include/c++/10.2.0/sstream:38,
                 from /usr/include/c++/10.2.0/complex:45,
                 from /usr/include/c++/10.2.0/ccomplex:39,
                 from /usr/include/c++/10.2.0/x86_64-pc-linux-gnu/bits/stdc++.h:54,
                 from program.cpp:1:
/usr/include/c++/10.2.0/ostream:108:7: note: candidate: 'std::basic_ostream<_CharT, _Traits>::__ostream_type& std::basic_ostream<_CharT, _Traits>::operator<<(std::basic_ostream<_CharT, _Traits>::__ostream_type& (*)(std::basic_ostream<_CharT, _Traits>::__ostream_type&)) [with _CharT = char; _Traits = std::char_traits<char>; std::basic_ostream<_CharT, _Traits>::__ostream_type = std::basic_ostream<char>]'
  108 |       operator<<(__ostream_type& (*__pf)(__ostream_type&))
      |       ^~~~~~~~
/usr/include/c++/10.2.0/ostream:108:36: note:   no known conversion for argument 1 from '<unresolved overloaded function type>' to 'std::basic_ostream<char>::__ostream_type& (*)(std::basic_ostream<char>::__ostream_type&)' {aka 'std::basic_ostream<char>& (*)(std::basic_ostream<char>&)'}
  108 |       operator<<(__ostream_type& (*__pf)(__ostream_type&))
      |                  ~~~~~~~~~~~~~~~~~~^~~~~~~~~~~~~~~~~~~~~~
/usr/include/c++/10.2.0/ostream:117:7: note: candidate: 'std::basic_ostream<_CharT, _Traits>::__ostream_type& std::basic_ostream<_CharT, _Traits>::operator<<(std::basic_ostream<_CharT, _Traits>::__ios_type& (*)(std::basic_ostream<_CharT, _Traits>::__ios_type&)) [with _CharT = char; _Traits = std::char_traits<char>; std::basic_ostream<_CharT, _Traits>::__ostream_type = std::basic_ostream<char>; std::basic_ostream<_CharT, _Traits>::__ios_type = std::basic_ios<char>]'
  117 |       operator<<(__ios_type& (*__pf)(__ios_type&))
      |       ^~~~~~~~
/usr/include/c++/10.2.0/ostream:117:32: note:   no known conversion for argument 1 from '<unresolved overloaded function type>' to 'std::basic_ostream<char>::__ios_type& (*)(std::basic_ostream<char>::__ios_type&)' {aka 'std::basic_ios<char>& (*)(std::basic_ios<char>&)'}
  117 |       operator<<(__ios_type& (*__pf)(__ios_type&))
      |                  ~~~~~~~~~~~~~~^~~~~~~~~~~~~~~~~~
/usr/include/c++/10.2.0/ostream:127:7: note: candidate: 'std::basic_ostream<_CharT, _Traits>::__ostream_type& std::basic_ostream<_CharT, _Traits>::operator<<(std::ios_base& (*)(std::ios_base&)) [with _CharT = char; _Traits = std::char_traits<char>; std::basic_ostream<_CharT, _Traits>::__ostream_type = std::basic_ostream<char>]'
  127 |       operator<<(ios_base& (*__pf) (ios_base&))
      |       ^~~~~~~~
/usr/include/c++/10.2.0/ostream:127:30: note:   no known conversion for argument 1 from '<unresolved overloaded function type>' to 'std::ios_base& (*)(std::ios_base&)'
  127 |       operator<<(ios_base& (*__pf) (ios_base&))
      |                  ~~~~~~~~~~~~^~~~~~~~~~~~~~~~~
/usr/include/c++/10.2.0/ostream:166:7: note: candidate: 'std::basic_ostream<_CharT, _Traits>::__ostream_type& std::basic_ostream<_CharT, _Traits>::operator<<(long int) [with _CharT = char; _Traits = std::char_traits<char>; std::basic_ostream<_CharT, _Traits>::__ostream_type = std::basic_ostream<char>]'
  166 |       operator<<(long __n)
      |       ^~~~~~~~
/usr/include/c++/10.2.0/ostream:166:23: note:   no known conversion for argument 1 from '<unresolved overloaded function type>' to 'long int'
  166 |       operator<<(long __n)
      |                  ~~~~~^~~
/usr/include/c++/10.2.0/ostream:170:7: note: candidate: 'std::basic_ostream<_CharT, _Traits>::__ostream_type& std::basic_ostream<_CharT, _Traits>::operator<<(long unsigned int) [with _CharT = char; _Traits = std::char_traits<char>; std::basic_ostream<_CharT, _Traits>::__ostream_type = std::basic_ostream<char>]'
  170 |       operator<<(unsigned long __n)
      |       ^~~~~~~~
/usr/include/c++/10.2.0/ostream:170:32: note:   no known conversion for argument 1 from '<unresolved overloaded function type>' to 'long unsigned int'
  170 |       operator<<(unsigned long __n)
      |                  ~~~~~~~~~~~~~~^~~
/usr/include/c++/10.2.0/ostream:174:7: note: candidate: 'std::basic_ostream<_CharT, _Traits>::__ostream_type& std::basic_ostream<_CharT, _Traits>::operator<<(bool) [with _CharT = char; _Traits = std::char_traits<char>; std::basic_ostream<_CharT, _Traits>::__ostream_type = std::basic_ostream<char>]'
  174 |       operator<<(bool __n)
      |       ^~~~~~~~
/usr/include/c++/10.2.0/ostream:174:23: note:   no known conversion for argument 1 from '<unresolved overloaded function type>' to 'bool'
  174 |       operator<<(bool __n)
      |                  ~~~~~^~~
In file included from /usr/include/c++/10.2.0/ostream:784,
                 from /usr/include/c++/10.2.0/istream:39,
                 from /usr/include/c++/10.2.0/sstream:38,
                 from /usr/include/c++/10.2.0/complex:45,
                 from /usr/include/c++/10.2.0/ccomplex:39,
                 from /usr/include/c++/10.2.0/x86_64-pc-linux-gnu/bits/stdc++.h:54,
                 from program.cpp:1:
/usr/include/c++/10.2.0/bits/ostream.tcc:91:5: note: candidate: 'std::basic_ostream<_CharT, _Traits>& std::basic_ostream<_CharT, _Traits>::operator<<(short int) [with _CharT = char; _Traits = std::char_traits<char>]'
   91 |     basic_ostream<_CharT, _Traits>::
      |     ^~~~~~~~~~~~~~~~~~~~~~~~~~~~~~
/usr/include/c++/10.2.0/bits/ostream.tcc:92:22: note:   no known conversion for argument 1 from '<unresolved overloaded function type>' to 'short int'
   92 |     operator<<(short __n)
      |                ~~~~~~^~~
In file included from /usr/include/c++/10.2.0/istream:39,
                 from /usr/include/c++/10.2.0/sstream:38,
                 from /usr/include/c++/10.2.0/complex:45,
                 from /usr/include/c++/10.2.0/ccomplex:39,
                 from /usr/include/c++/10.2.0/x86_64-pc-linux-gnu/bits/stdc++.h:54,
                 from program.cpp:1:
/usr/include/c++/10.2.0/ostream:181:7: note: candidate: 'std::basic_ostream<_CharT, _Traits>::__ostream_type& std::basic_ostream<_CharT, _Traits>::operator<<(short unsigned int) [with _CharT = char; _Traits = std::char_traits<char>; std::basic_ostream<_CharT, _Traits>::__ostream_type = std::basic_ostream<char>]'
  181 |       operator<<(unsigned short __n)
      |       ^~~~~~~~
/usr/include/c++/10.2.0/ostream:181:33: note:   no known conversion for argument 1 from '<unresolved overloaded function type>' to 'short unsigned int'
  181 |       operator<<(unsigned short __n)
      |                  ~~~~~~~~~~~~~~~^~~
In file included from /usr/include/c++/10.2.0/ostream:784,
                 from /usr/include/c++/10.2.0/istream:39,
                 from /usr/include/c++/10.2.0/sstream:38,
                 from /usr/include/c++/10.2.0/complex:45,
                 from /usr/include/c++/10.2.0/ccomplex:39,
                 from /usr/include/c++/10.2.0/x86_64-pc-linux-gnu/bits/stdc++.h:54,
                 from program.cpp:1:
/usr/include/c++/10.2.0/bits/ostream.tcc:105:5: note: candidate: 'std::basic_ostream<_CharT, _Traits>& std::basic_ostream<_CharT, _Traits>::operator<<(int) [with _CharT = char; _Traits = std::char_traits<char>]'
  105 |     basic_ostream<_CharT, _Traits>::
      |     ^~~~~~~~~~~~~~~~~~~~~~~~~~~~~~
/usr/include/c++/10.2.0/bits/ostream.tcc:106:20: note:   no known conversion for argument 1 from '<unresolved overloaded function type>' to 'int'
  106 |     operator<<(int __n)
      |                ~~~~^~~
In file included from /usr/include/c++/10.2.0/istream:39,
                 from /usr/include/c++/10.2.0/sstream:38,
                 from /usr/include/c++/10.2.0/complex:45,
                 from /usr/include/c++/10.2.0/ccomplex:39,
                 from /usr/include/c++/10.2.0/x86_64-pc-linux-gnu/bits/stdc++.h:54,
                 from program.cpp:1:
/usr/include/c++/10.2.0/ostream:192:7: note: candidate: 'std::basic_ostream<_CharT, _Traits>::__ostream_type& std::basic_ostream<_CharT, _Traits>::operator<<(unsigned int) [with _CharT = char; _Traits = std::char_traits<char>; std::basic_ostream<_CharT, _Traits>::__ostream_type = std::basic_ostream<char>]'
  192 |       operator<<(unsigned int __n)
      |       ^~~~~~~~
/usr/include/c++/10.2.0/ostream:192:31: note:   no known conversion for argument 1 from '<unresolved overloaded function type>' to 'unsigned int'
  192 |       operator<<(unsigned int __n)
      |                  ~~~~~~~~~~~~~^~~
/usr/include/c++/10.2.0/ostream:201:7: note: candidate: 'std::basic_ostream<_CharT, _Traits>::__ostream_type& std::basic_ostream<_CharT, _Traits>::operator<<(long long int) [with _CharT = char; _Traits = std::char_traits<char>; std::basic_ostream<_CharT, _Traits>::__ostream_type = std::basic_ostream<char>]'
  201 |       operator<<(long long __n)
      |       ^~~~~~~~
/usr/include/c++/10.2.0/ostream:201:28: note:   no known conversion for argument 1 from '<unresolved overloaded function type>' to 'long long int'
  201 |       operator<<(long long __n)
      |                  ~~~~~~~~~~^~~
/usr/include/c++/10.2.0/ostream:205:7: note: candidate: 'std::basic_ostream<_CharT, _Traits>::__ostream_type& std::basic_ostream<_CharT, _Traits>::operator<<(long long unsigned int) [with _CharT = char; _Traits = std::char_traits<char>; std::basic_ostream<_CharT, _Traits>::__ostream_type = std::basic_ostream<char>]'
  205 |       operator<<(unsigned long long __n)
      |       ^~~~~~~~
/usr/include/c++/10.2.0/ostream:205:37: note:   no known conversion for argument 1 from '<unresolved overloaded function type>' to 'long long unsigned int'
  205 |       operator<<(unsigned long long __n)
      |                  ~~~~~~~~~~~~~~~~~~~^~~
/usr/include/c++/10.2.0/ostream:220:7: note: candidate: 'std::basic_ostream<_CharT, _Traits>::__ostream_type& std::basic_ostream<_CharT, _Traits>::operator<<(double) [with _CharT = char; _Traits = std::char_traits<char>; std::basic_ostream<_CharT, _Traits>::__ostream_type = std::basic_ostream<char>]'
  220 |       operator<<(double __f)
      |       ^~~~~~~~
/usr/include/c++/10.2.0/ostream:220:25: note:   no known conversion for argument 1 from '<unresolved overloaded function type>' to 'double'
  220 |       operator<<(double __f)
      |                  ~~~~~~~^~~
/usr/include/c++/10.2.0/ostream:224:7: note: candidate: 'std::basic_ostream<_CharT, _Traits>::__ostream_type& std::basic_ostream<_CharT, _Traits>::operator<<(float) [with _CharT = char; _Traits = std::char_traits<char>; std::basic_ostream<_CharT, _Traits>::__ostream_type = std::basic_ostream<char>]'
  224 |       operator<<(float __f)
      |       ^~~~~~~~
/usr/include/c++/10.2.0/ostream:224:24: note:   no known conversion for argument 1 from '<unresolved overloaded function type>' to 'float'
  224 |       operator<<(float __f)
      |                  ~~~~~~^~~
/usr/include/c++/10.2.0/ostream:232:7: note: candidate: 'std::basic_ostream<_CharT, _Traits>::__ostream_type& std::basic_ostream<_CharT, _Traits>::operator<<(long double) [with _CharT = char; _Traits = std::char_traits<char>; std::basic_ostream<_CharT, _Traits>::__ostream_type = std::basic_ostream<char>]'
  232 |       operator<<(long double __f)
      |       ^~~~~~~~
/usr/include/c++/10.2.0/ostream:232:30: note:   no known conversion for argument 1 from '<unresolved overloaded function type>' to 'long double'
  232 |       operator<<(long double __f)
      |                  ~~~~~~~~~~~~^~~
/usr/include/c++/10.2.0/ostream:245:7: note: candidate: 'std::basic_ostream<_CharT, _Traits>::__ostream_type& std::basic_ostream<_CharT, _Traits>::operator<<(const void*) [with _CharT = char; _Traits = std::char_traits<char>; std::basic_ostream<_CharT, _Traits>::__ostream_type = std::basic_ostream<char>]'
  245 |       operator<<(const void* __p)
      |       ^~~~~~~~
/usr/include/c++/10.2.0/ostream:245:30: note:   no known conversion for argument 1 from '<unresolved overloaded function type>' to 'const void*'
  245 |       operator<<(const void* __p)
      |                  ~~~~~~~~~~~~^~~
In file included from /usr/include/c++/10.2.0/ostream:784,
                 from /usr/include/c++/10.2.0/istream:39,
                 from /usr/include/c++/10.2.0/sstream:38,
                 from /usr/include/c++/10.2.0/complex:45,
                 from /usr/include/c++/10.2.0/ccomplex:39,
                 from /usr/include/c++/10.2.0/x86_64-pc-linux-gnu/bits/stdc++.h:54,
                 from program.cpp:1:
/usr/include/c++/10.2.0/bits/ostream.tcc:119:5: note: candidate: 'std::basic_ostream<_CharT, _Traits>& std::basic_ostream<_CharT, _Traits>::operator<<(std::basic_ostream<_CharT, _Traits>::__streambuf_type*) [with _CharT = char; _Traits = std::char_traits<char>; std::basic_ostream<_CharT, _Traits>::__streambuf_type = std::basic_streambuf<char>]'
  119 |     basic_ostream<_CharT, _Traits>::
      |     ^~~~~~~~~~~~~~~~~~~~~~~~~~~~~~
/usr/include/c++/10.2.0/bits/ostream.tcc:120:34: note:   no known conversion for argument 1 from '<unresolved overloaded function type>' to 'std::basic_ostream<char>::__streambuf_type*' {aka 'std::basic_streambuf<char>*'}
  120 |     operator<<(__streambuf_type* __sbin)
      |                ~~~~~~~~~~~~~~~~~~^~~~~~
In file included from /usr/include/c++/10.2.0/regex:62,
                 from /usr/include/c++/10.2.0/x86_64-pc-linux-gnu/bits/stdc++.h:110,
                 from program.cpp:1:
/usr/include/c++/10.2.0/bits/regex.h:1647:5: note: candidate: 'template<class _Ch_type, class _Ch_traits, class _Bi_iter> std::basic_ostream<_CharT, _Traits>& std::__cxx11::operator<<(std::basic_ostream<_CharT, _Traits>&, const std::__cxx11::sub_match<_Bi_iter>&)'
 1647 |     operator<<(basic_ostream<_Ch_type, _Ch_traits>& __os,
      |     ^~~~~~~~
/usr/include/c++/10.2.0/bits/regex.h:1647:5: note:   template argument deduction/substitution failed:
program.cpp:41:18: note:   couldn't deduce template parameter '_Bi_iter'
   41 |   cout << ans << end;
      |                  ^~~
In file included from /usr/include/c++/10.2.0/string:55,
                 from /usr/include/c++/10.2.0/bits/locale_classes.h:40,
                 from /usr/include/c++/10.2.0/bits/ios_base.h:41,
                 from /usr/include/c++/10.2.0/ios:42,
                 from /usr/include/c++/10.2.0/istream:38,
                 from /usr/include/c++/10.2.0/sstream:38,
                 from /usr/include/c++/10.2.0/complex:45,
                 from /usr/include/c++/10.2.0/ccomplex:39,
                 from /usr/include/c++/10.2.0/x86_64-pc-linux-gnu/bits/stdc++.h:54,
                 from program.cpp:1:
/usr/include/c++/10.2.0/bits/basic_string.h:6458:5: note: candidate: 'template<class _CharT, class _Traits, class _Alloc> std::basic_ostream<_CharT, _Traits>& std::operator<<(std::basic_ostream<_CharT, _Traits>&, const std::__cxx11::basic_string<_CharT, _Traits, _Alloc>&)'
 6458 |     operator<<(basic_ostream<_CharT, _Traits>& __os,
      |     ^~~~~~~~
/usr/include/c++/10.2.0/bits/basic_string.h:6458:5: note:   template argument deduction/substitution failed:
program.cpp:41:18: note:   couldn't deduce template parameter '_Alloc'
   41 |   cout << ans << end;
      |                  ^~~
In file included from /usr/include/c++/10.2.0/bits/ios_base.h:46,
                 from /usr/include/c++/10.2.0/ios:42,
                 from /usr/include/c++/10.2.0/istream:38,
                 from /usr/include/c++/10.2.0/sstream:38,
                 from /usr/include/c++/10.2.0/complex:45,
                 from /usr/include/c++/10.2.0/ccomplex:39,
                 from /usr/include/c++/10.2.0/x86_64-pc-linux-gnu/bits/stdc++.h:54,
                 from program.cpp:1:
/usr/include/c++/10.2.0/system_error:262:5: note: candidate: 'template<class _CharT, class _Traits> std::basic_ostream<_CharT, _Traits>& std::operator<<(std::basic_ostream<_CharT, _Traits>&, const std::error_code&)'
  262 |     operator<<(basic_ostream<_CharT, _Traits>& __os, const error_code& __e)
      |     ^~~~~~~~
/usr/include/c++/10.2.0/system_error:262:5: note:   template argument deduction/substitution failed:
program.cpp:41:18: note:   cannot convert 'std::end' (type '<unresolved overloaded function type>') to type 'const std::error_code&'
   41 |   cout << ans << end;
      |                  ^~~
In file included from /usr/include/c++/10.2.0/istream:39,
                 from /usr/include/c++/10.2.0/sstream:38,
                 from /usr/include/c++/10.2.0/complex:45,
                 from /usr/include/c++/10.2.0/ccomplex:39,
                 from /usr/include/c++/10.2.0/x86_64-pc-linux-gnu/bits/stdc++.h:54,
                 from program.cpp:1:
/usr/include/c++/10.2.0/ostream:506:5: note: candidate: 'std::basic_ostream<_CharT, _Traits>& std::operator<<(std::basic_ostream<_CharT, _Traits>&, _CharT) [with _CharT = char; _Traits = std::char_traits<char>]'
  506 |     operator<<(basic_ostream<_CharT, _Traits>& __out, _CharT __c)
      |     ^~~~~~~~
/usr/include/c++/10.2.0/ostream:506:62: note:   no known conversion for argument 2 from '<unresolved overloaded function type>' to 'char'
  506 |     operator<<(basic_ostream<_CharT, _Traits>& __out, _CharT __c)
      |                                                       ~~~~~~~^~~
/usr/include/c++/10.2.0/ostream:511:5: note: candidate: 'template<class _CharT, class _Traits> std::basic_ostream<_CharT, _Traits>& std::operator<<(std::basic_ostream<_CharT, _Traits>&, char)'
  511 |     operator<<(basic_ostream<_CharT, _Traits>& __out, char __c)
      |     ^~~~~~~~
/usr/include/c++/10.2.0/ostream:511:5: note:   template argument deduction/substitution failed:
program.cpp:41:18: note:   cannot convert 'std::end' (type '<unresolved overloaded function type>') to type 'char'
   41 |   cout << ans << end;
      |                  ^~~
In file included from /usr/include/c++/10.2.0/istream:39,
                 from /usr/include/c++/10.2.0/sstream:38,
                 from /usr/include/c++/10.2.0/complex:45,
                 from /usr/include/c++/10.2.0/ccomplex:39,
                 from /usr/include/c++/10.2.0/x86_64-pc-linux-gnu/bits/stdc++.h:54,
                 from program.cpp:1:
/usr/include/c++/10.2.0/ostream:517:5: note: candidate: 'template<class _Traits> std::basic_ostream<char, _Traits>& std::operator<<(std::basic_ostream<char, _Traits>&, char)'
  517 |     operator<<(basic_ostream<char, _Traits>& __out, char __c)
      |     ^~~~~~~~
/usr/include/c++/10.2.0/ostream:517:5: note:   template argument deduction/substitution failed:
program.cpp:41:18: note:   cannot convert 'std::end' (type '<unresolved overloaded function type>') to type 'char'
   41 |   cout << ans << end;
      |                  ^~~
In file included from /usr/include/c++/10.2.0/istream:39,
                 from /usr/include/c++/10.2.0/sstream:38,
                 from /usr/include/c++/10.2.0/complex:45,
                 from /usr/include/c++/10.2.0/ccomplex:39,
                 from /usr/include/c++/10.2.0/x86_64-pc-linux-gnu/bits/stdc++.h:54,
                 from program.cpp:1:
/usr/include/c++/10.2.0/ostream:523:5: note: candidate: 'template<class _Traits> std::basic_ostream<char, _Traits>& std::operator<<(std::basic_ostream<char, _Traits>&, signed char)'
  523 |     operator<<(basic_ostream<char, _Traits>& __out, signed char __c)
      |     ^~~~~~~~
/usr/include/c++/10.2.0/ostream:523:5: note:   template argument deduction/substitution failed:
program.cpp:41:18: note:   cannot convert 'std::end' (type '<unresolved overloaded function type>') to type 'signed char'
   41 |   cout << ans << end;
      |                  ^~~
In file included from /usr/include/c++/10.2.0/istream:39,
                 from /usr/include/c++/10.2.0/sstream:38,
                 from /usr/include/c++/10.2.0/complex:45,
                 from /usr/include/c++/10.2.0/ccomplex:39,
                 from /usr/include/c++/10.2.0/x86_64-pc-linux-gnu/bits/stdc++.h:54,
                 from program.cpp:1:
/usr/include/c++/10.2.0/ostream:528:5: note: candidate: 'template<class _Traits> std::basic_ostream<char, _Traits>& std::operator<<(std::basic_ostream<char, _Traits>&, unsigned char)'
  528 |     operator<<(basic_ostream<char, _Traits>& __out, unsigned char __c)
      |     ^~~~~~~~
/usr/include/c++/10.2.0/ostream:528:5: note:   template argument deduction/substitution failed:
program.cpp:41:18: note:   cannot convert 'std::end' (type '<unresolved overloaded function type>') to type 'unsigned char'
   41 |   cout << ans << end;
      |                  ^~~
In file included from /usr/include/c++/10.2.0/istream:39,
                 from /usr/include/c++/10.2.0/sstream:38,
                 from /usr/include/c++/10.2.0/complex:45,
                 from /usr/include/c++/10.2.0/ccomplex:39,
                 from /usr/include/c++/10.2.0/x86_64-pc-linux-gnu/bits/stdc++.h:54,
                 from program.cpp:1:
/usr/include/c++/10.2.0/ostream:589:5: note: candidate: 'std::basic_ostream<_CharT, _Traits>& std::operator<<(std::basic_ostream<_CharT, _Traits>&, const _CharT*) [with _CharT = char; _Traits = std::char_traits<char>]'
  589 |     operator<<(basic_ostream<_CharT, _Traits>& __out, const _CharT* __s)
      |     ^~~~~~~~
/usr/include/c++/10.2.0/ostream:589:69: note:   no known conversion for argument 2 from '<unresolved overloaded function type>' to 'const char*'
  589 |     operator<<(basic_ostream<_CharT, _Traits>& __out, const _CharT* __s)
      |                                                       ~~~~~~~~~~~~~~^~~
In file included from /usr/include/c++/10.2.0/ostream:784,
                 from /usr/include/c++/10.2.0/istream:39,
                 from /usr/include/c++/10.2.0/sstream:38,
                 from /usr/include/c++/10.2.0/complex:45,
                 from /usr/include/c++/10.2.0/ccomplex:39,
                 from /usr/include/c++/10.2.0/x86_64-pc-linux-gnu/bits/stdc++.h:54,
                 from program.cpp:1:
/usr/include/c++/10.2.0/bits/ostream.tcc:321:5: note: candidate: 'template<class _CharT, class _Traits> std::basic_ostream<_CharT, _Traits>& std::operator<<(std::basic_ostream<_CharT, _Traits>&, const char*)'
  321 |     operator<<(basic_ostream<_CharT, _Traits>& __out, const char* __s)
      |     ^~~~~~~~
/usr/include/c++/10.2.0/bits/ostream.tcc:321:5: note:   template argument deduction/substitution failed:
program.cpp:41:18: note:   cannot convert 'std::end' (type '<unresolved overloaded function type>') to type 'const char*'
   41 |   cout << ans << end;
      |                  ^~~
In file included from /usr/include/c++/10.2.0/istream:39,
                 from /usr/include/c++/10.2.0/sstream:38,
                 from /usr/include/c++/10.2.0/complex:45,
                 from /usr/include/c++/10.2.0/ccomplex:39,
                 from /usr/include/c++/10.2.0/x86_64-pc-linux-gnu/bits/stdc++.h:54,
                 from program.cpp:1:
/usr/include/c++/10.2.0/ostream:606:5: note: candidate: 'template<class _Traits> std::basic_ostream<char, _Traits>& std::operator<<(std::basic_ostream<char, _Traits>&, const char*)'
  606 |     operator<<(basic_ostream<char, _Traits>& __out, const char* __s)
      |     ^~~~~~~~
/usr/include/c++/10.2.0/ostream:606:5: note:   template argument deduction/substitution failed:
program.cpp:41:18: note:   cannot convert 'std::end' (type '<unresolved overloaded function type>') to type 'const char*'
   41 |   cout << ans << end;
      |                  ^~~
In file included from /usr/include/c++/10.2.0/istream:39,
                 from /usr/include/c++/10.2.0/sstream:38,
                 from /usr/include/c++/10.2.0/complex:45,
                 from /usr/include/c++/10.2.0/ccomplex:39,
                 from /usr/include/c++/10.2.0/x86_64-pc-linux-gnu/bits/stdc++.h:54,
                 from program.cpp:1:
/usr/include/c++/10.2.0/ostream:619:5: note: candidate: 'template<class _Traits> std::basic_ostream<char, _Traits>& std::operator<<(std::basic_ostream<char, _Traits>&, const signed char*)'
  619 |     operator<<(basic_ostream<char, _Traits>& __out, const signed char* __s)
      |     ^~~~~~~~
/usr/include/c++/10.2.0/ostream:619:5: note:   template argument deduction/substitution failed:
program.cpp:41:18: note:   cannot convert 'std::end' (type '<unresolved overloaded function type>') to type 'const signed char*'
   41 |   cout << ans << end;
      |                  ^~~
In file included from /usr/include/c++/10.2.0/istream:39,
                 from /usr/include/c++/10.2.0/sstream:38,
                 from /usr/include/c++/10.2.0/complex:45,
                 from /usr/include/c++/10.2.0/ccomplex:39,
                 from /usr/include/c++/10.2.0/x86_64-pc-linux-gnu/bits/stdc++.h:54,
                 from program.cpp:1:
/usr/include/c++/10.2.0/ostream:624:5: note: candidate: 'template<class _Traits> std::basic_ostream<char, _Traits>& std::operator<<(std::basic_ostream<char, _Traits>&, const unsigned char*)'
  624 |     operator<<(basic_ostream<char, _Traits>& __out, const unsigned char* __s)
      |     ^~~~~~~~
/usr/include/c++/10.2.0/ostream:624:5: note:   template argument deduction/substitution failed:
program.cpp:41:18: note:   cannot convert 'std::end' (type '<unresolved overloaded function type>') to type 'const unsigned char*'
   41 |   cout << ans << end;
      |                  ^~~
In file included from /usr/include/c++/10.2.0/istream:39,
                 from /usr/include/c++/10.2.0/sstream:38,
                 from /usr/include/c++/10.2.0/complex:45,
                 from /usr/include/c++/10.2.0/ccomplex:39,
                 from /usr/include/c++/10.2.0/x86_64-pc-linux-gnu/bits/stdc++.h:54,
                 from program.cpp:1:
/usr/include/c++/10.2.0/ostream:773:5: note: candidate: 'template<class _Ostream, class _Tp> typename std::enable_if<std::__and_<std::__not_<std::is_lvalue_reference<_Tp> >, std::__is_convertible_to_basic_ostream<_Ostream>, std::__is_insertable<typename std::__is_convertible_to_basic_ostream<_Tp>::__ostream_type, const _Tp&, void> >::value, typename std::__is_convertible_to_basic_ostream<_Tp>::__ostream_type>::type std::operator<<(_Ostream&&, const _Tp&)'
  773 |     operator<<(_Ostream&& __os, const _Tp& __x)
      |     ^~~~~~~~
/usr/include/c++/10.2.0/ostream:773:5: note:   template argument deduction/substitution failed:
program.cpp:41:18: note:   couldn't deduce template parameter '_Tp'
   41 |   cout << ans << end;
      |                  ^~~
In file included from /usr/include/c++/10.2.0/ccomplex:39,
                 from /usr/include/c++/10.2.0/x86_64-pc-linux-gnu/bits/stdc++.h:54,
                 from program.cpp:1:
/usr/include/c++/10.2.0/complex:554:5: note: candidate: 'template<class _Tp, class _CharT, class _Traits> std::basic_ostream<_CharT, _Traits>& std::operator<<(std::basic_ostream<_CharT, _Traits>&, const std::complex<_Tp>&)'
  554 |     operator<<(basic_ostream<_CharT, _Traits>& __os, const complex<_Tp>& __x)
      |     ^~~~~~~~
/usr/include/c++/10.2.0/complex:554:5: note:   template argument deduction/substitution failed:
program.cpp:41:18: note:   couldn't deduce template parameter '_Tp'
   41 |   cout << ans << end;
      |                  ^~~
In file included from /usr/include/c++/10.2.0/x86_64-pc-linux-gnu/bits/stdc++.h:66,
                 from program.cpp:1:
/usr/include/c++/10.2.0/bitset:1540:5: note: candidate: 'template<class _CharT, class _Traits, long unsigned int _Nb> std::basic_ostream<_CharT, _Traits>& std::operator<<(std::basic_ostream<_CharT, _Traits>&, const std::bitset<_Nb>&)'
 1540 |     operator<<(std::basic_ostream<_CharT, _Traits>& __os,
      |     ^~~~~~~~
/usr/include/c++/10.2.0/bitset:1540:5: note:   template argument deduction/substitution failed:
program.cpp:41:18: note:   couldn't deduce template parameter '_Nb'
   41 |   cout << ans << end;
      |                  ^~~
In file included from /usr/include/c++/10.2.0/x86_64-pc-linux-gnu/bits/stdc++.h:72,
                 from program.cpp:1:
/usr/include/c++/10.2.0/iomanip:79:5: note: candidate: 'template<class _CharT, class _Traits> std::basic_ostream<_CharT, _Traits>& std::operator<<(std::basic_ostream<_CharT, _Traits>&, std::_Resetiosflags)'
   79 |     operator<<(basic_ostream<_CharT, _Traits>& __os, _Resetiosflags __f)
      |     ^~~~~~~~
/usr/include/c++/10.2.0/iomanip:79:5: note:   template argument deduction/substitution failed:
program.cpp:41:18: note:   cannot convert 'std::end' (type '<unresolved overloaded function type>') to type 'std::_Resetiosflags'
   41 |   cout << ans << end;
      |                  ^~~
In file included from /usr/include/c++/10.2.0/x86_64-pc-linux-gnu/bits/stdc++.h:72,
                 from program.cpp:1:
/usr/include/c++/10.2.0/iomanip:109:5: note: candidate: 'template<class _CharT, class _Traits> std::basic_ostream<_CharT, _Traits>& std::operator<<(std::basic_ostream<_CharT, _Traits>&, std::_Setiosflags)'
  109 |     operator<<(basic_ostream<_CharT, _Traits>& __os, _Setiosflags __f)
      |     ^~~~~~~~
/usr/include/c++/10.2.0/iomanip:109:5: note:   template argument deduction/substitution failed:
program.cpp:41:18: note:   cannot convert 'std::end' (type '<unresolved overloaded function type>') to type 'std::_Setiosflags'
   41 |   cout << ans << end;
      |                  ^~~
In file included from /usr/include/c++/10.2.0/x86_64-pc-linux-gnu/bits/stdc++.h:72,
                 from program.cpp:1:
/usr/include/c++/10.2.0/iomanip:143:5: note: candidate: 'template<class _CharT, class _Traits> std::basic_ostream<_CharT, _Traits>& std::operator<<(std::basic_ostream<_CharT, _Traits>&, std::_Setbase)'
  143 |     operator<<(basic_ostream<_CharT, _Traits>& __os, _Setbase __f)
      |     ^~~~~~~~
/usr/include/c++/10.2.0/iomanip:143:5: note:   template argument deduction/substitution failed:
program.cpp:41:18: note:   cannot convert 'std::end' (type '<unresolved overloaded function type>') to type 'std::_Setbase'
   41 |   cout << ans << end;
      |                  ^~~
In file included from /usr/include/c++/10.2.0/x86_64-pc-linux-gnu/bits/stdc++.h:72,
                 from program.cpp:1:
/usr/include/c++/10.2.0/iomanip:178:5: note: candidate: 'std::basic_ostream<_CharT, _Traits>& std::operator<<(std::basic_ostream<_CharT, _Traits>&, std::_Setfill<_CharT>) [with _CharT = char; _Traits = std::char_traits<char>]'
  178 |     operator<<(basic_ostream<_CharT, _Traits>& __os, _Setfill<_CharT> __f)
      |     ^~~~~~~~
/usr/include/c++/10.2.0/iomanip:178:71: note:   no known conversion for argument 2 from '<unresolved overloaded function type>' to 'std::_Setfill<char>'
  178 |     operator<<(basic_ostream<_CharT, _Traits>& __os, _Setfill<_CharT> __f)
      |                                                      ~~~~~~~~~~~~~~~~~^~~
/usr/include/c++/10.2.0/iomanip:208:5: note: candidate: 'template<class _CharT, class _Traits> std::basic_ostream<_CharT, _Traits>& std::operator<<(std::basic_ostream<_CharT, _Traits>&, std::_Setprecision)'
  208 |     operator<<(basic_ostream<_CharT, _Traits>& __os, _Setprecision __f)
      |     ^~~~~~~~
/usr/include/c++/10.2.0/iomanip:208:5: note:   template argument deduction/substitution failed:
program.cpp:41:18: note:   cannot convert 'std::end' (type '<unresolved overloaded function type>') to type 'std::_Setprecision'
   41 |   cout << ans << end;
      |                  ^~~
In file included from /usr/include/c++/10.2.0/x86_64-pc-linux-gnu/bits/stdc++.h:72,
                 from program.cpp:1:
/usr/include/c++/10.2.0/iomanip:238:5: note: candidate: 'template<class _CharT, class _Traits> std::basic_ostream<_CharT, _Traits>& std::operator<<(std::basic_ostream<_CharT, _Traits>&, std::_Setw)'
  238 |     operator<<(basic_ostream<_CharT, _Traits>& __os, _Setw __f)
      |     ^~~~~~~~
/usr/include/c++/10.2.0/iomanip:238:5: note:   template argument deduction/substitution failed:
program.cpp:41:18: note:   cannot convert 'std::end' (type '<unresolved overloaded function type>') to type 'std::_Setw'
   41 |   cout << ans << end;
      |                  ^~~
In file included from /usr/include/c++/10.2.0/x86_64-pc-linux-gnu/bits/stdc++.h:72,
                 from program.cpp:1:
/usr/include/c++/10.2.0/iomanip:311:5: note: candidate: 'template<class _CharT, class _Traits, class _MoneyT> std::basic_ostream<_CharT, _Traits>& std::operator<<(std::basic_ostream<_CharT, _Traits>&, std::_Put_money<_MoneyT>)'
  311 |     operator<<(basic_ostream<_CharT, _Traits>& __os, _Put_money<_MoneyT> __f)
      |     ^~~~~~~~
/usr/include/c++/10.2.0/iomanip:311:5: note:   template argument deduction/substitution failed:
program.cpp:41:18: note:   couldn't deduce template parameter '_MoneyT'
   41 |   cout << ans << end;
      |                  ^~~
In file included from /usr/include/c++/10.2.0/x86_64-pc-linux-gnu/bits/stdc++.h:72,
                 from program.cpp:1:
/usr/include/c++/10.2.0/iomanip:363:5: note: candidate: 'std::basic_ostream<_CharT, _Traits>& std::operator<<(std::basic_ostream<_CharT, _Traits>&, std::_Put_time<_CharT>) [with _CharT = char; _Traits = std::char_traits<char>]'
  363 |     operator<<(basic_ostream<_CharT, _Traits>& __os, _Put_time<_CharT> __f)
      |     ^~~~~~~~
/usr/include/c++/10.2.0/iomanip:363:72: note:   no known conversion for argument 2 from '<unresolved overloaded function type>' to 'std::_Put_time<char>'
  363 |     operator<<(basic_ostream<_CharT, _Traits>& __os, _Put_time<_CharT> __f)
      |                                                      ~~~~~~~~~~~~~~~~~~^~~
In file included from /usr/include/c++/10.2.0/memory:84,
                 from /usr/include/c++/10.2.0/x86_64-pc-linux-gnu/bits/stdc++.h:82,
                 from program.cpp:1:
/usr/include/c++/10.2.0/bits/shared_ptr.h:69:5: note: candidate: 'template<class _Ch, class _Tr, class _Tp, __gnu_cxx::_Lock_policy _Lp> std::basic_ostream<_CharT, _Traits>& std::operator<<(std::basic_ostream<_CharT, _Traits>&, const std::__shared_ptr<_Tp, _Lp>&)'
   69 |     operator<<(std::basic_ostream<_Ch, _Tr>& __os,
      |     ^~~~~~~~
/usr/include/c++/10.2.0/bits/shared_ptr.h:69:5: note:   template argument deduction/substitution failed:
program.cpp:41:18: note:   couldn't deduce template parameter '_Tp'
   41 |   cout << ans << end;
      |                  ^~~
In file included from /usr/include/c++/10.2.0/valarray:603,
                 from /usr/include/c++/10.2.0/x86_64-pc-linux-gnu/bits/stdc++.h:95,
                 from program.cpp:1:
/usr/include/c++/10.2.0/bits/valarray_after.h:413:5: note: candidate: 'template<class _Dom1, class _Dom2> std::_Expr<std::__detail::_BinClos<std::__shift_left, std::_Expr, std::_Expr, _Dom1, _Dom2>, typename std::__fun<std::__shift_left, typename _Dom1::value_type>::result_type> std::operator<<(const std::_Expr<_Dom1, typename _Dom1::value_type>&, const std::_Expr<_Dom2, typename _Dom2::value_type>&)'
  413 |     _DEFINE_EXPR_BINARY_OPERATOR(<<, __shift_left)
      |     ^~~~~~~~~~~~~~~~~~~~~~~~~~~~
/usr/include/c++/10.2.0/bits/valarray_after.h:413:5: note:   template argument deduction/substitution failed:
program.cpp:41:18: note:   'std::basic_ostream<char>' is not derived from 'const std::_Expr<_Dom1, typename _Dom1::value_type>'
   41 |   cout << ans << end;
      |                  ^~~
In file included from /usr/include/c++/10.2.0/valarray:603,
                 from /usr/include/c++/10.2.0/x86_64-pc-linux-gnu/bits/stdc++.h:95,
                 from program.cpp:1:
/usr/include/c++/10.2.0/bits/valarray_after.h:413:5: note: candidate: 'template<class _Dom> std::_Expr<std::__detail::_BinClos<std::__shift_left, std::_Expr, std::_Constant, _Dom, typename _Dom::value_type>, typename std::__fun<std::__shift_left, typename _Dom1::value_type>::result_type> std::operator<<(const std::_Expr<_Dom1, typename _Dom1::value_type>&, const typename _Dom::value_type&)'
  413 |     _DEFINE_EXPR_BINARY_OPERATOR(<<, __shift_left)
      |     ^~~~~~~~~~~~~~~~~~~~~~~~~~~~
/usr/include/c++/10.2.0/bits/valarray_after.h:413:5: note:   template argument deduction/substitution failed:
program.cpp:41:18: note:   'std::basic_ostream<char>' is not derived from 'const std::_Expr<_Dom1, typename _Dom1::value_type>'
   41 |   cout << ans << end;
      |                  ^~~
In file included from /usr/include/c++/10.2.0/valarray:603,
                 from /usr/include/c++/10.2.0/x86_64-pc-linux-gnu/bits/stdc++.h:95,
                 from program.cpp:1:
/usr/include/c++/10.2.0/bits/valarray_after.h:413:5: note: candidate: 'template<class _Dom> std::_Expr<std::__detail::_BinClos<std::__shift_left, std::_Constant, std::_Expr, typename _Dom::value_type, _Dom>, typename std::__fun<std::__shift_left, typename _Dom1::value_type>::result_type> std::operator<<(const typename _Dom::value_type&, const std::_Expr<_Dom1, typename _Dom1::value_type>&)'
  413 |     _DEFINE_EXPR_BINARY_OPERATOR(<<, __shift_left)
      |     ^~~~~~~~~~~~~~~~~~~~~~~~~~~~
/usr/include/c++/10.2.0/bits/valarray_after.h:413:5: note:   template argument deduction/substitution failed:
program.cpp:41:18: note:   couldn't deduce template parameter '_Dom'
   41 |   cout << ans << end;
      |                  ^~~
In file included from /usr/include/c++/10.2.0/valarray:603,
                 from /usr/include/c++/10.2.0/x86_64-pc-linux-gnu/bits/stdc++.h:95,
                 from program.cpp:1:
/usr/include/c++/10.2.0/bits/valarray_after.h:413:5: note: candidate: 'template<class _Dom> std::_Expr<std::__detail::_BinClos<std::__shift_left, std::_Expr, std::_ValArray, _Dom, typename _Dom::value_type>, typename std::__fun<std::__shift_left, typename _Dom1::value_type>::result_type> std::operator<<(const std::_Expr<_Dom1, typename _Dom1::value_type>&, const std::valarray<typename _Dom::value_type>&)'
  413 |     _DEFINE_EXPR_BINARY_OPERATOR(<<, __shift_left)
      |     ^~~~~~~~~~~~~~~~~~~~~~~~~~~~
/usr/include/c++/10.2.0/bits/valarray_after.h:413:5: note:   template argument deduction/substitution failed:
program.cpp:41:18: note:   'std::basic_ostream<char>' is not derived from 'const std::_Expr<_Dom1, typename _Dom1::value_type>'
   41 |   cout << ans << end;
      |                  ^~~
In file included from /usr/include/c++/10.2.0/valarray:603,
                 from /usr/include/c++/10.2.0/x86_64-pc-linux-gnu/bits/stdc++.h:95,
                 from program.cpp:1:
/usr/include/c++/10.2.0/bits/valarray_after.h:413:5: note: candidate: 'template<class _Dom> std::_Expr<std::__detail::_BinClos<std::__shift_left, std::_ValArray, std::_Expr, typename _Dom::value_type, _Dom>, typename std::__fun<std::__shift_left, typename _Dom1::value_type>::result_type> std::operator<<(const std::valarray<typename _Dom::value_type>&, const std::_Expr<_Dom1, typename _Dom1::value_type>&)'
  413 |     _DEFINE_EXPR_BINARY_OPERATOR(<<, __shift_left)
      |     ^~~~~~~~~~~~~~~~~~~~~~~~~~~~
/usr/include/c++/10.2.0/bits/valarray_after.h:413:5: note:   template argument deduction/substitution failed:
program.cpp:41:18: note:   couldn't deduce template parameter '_Dom'
   41 |   cout << ans << end;
      |                  ^~~
In file included from /usr/include/c++/10.2.0/x86_64-pc-linux-gnu/bits/stdc++.h:95,
                 from program.cpp:1:
/usr/include/c++/10.2.0/valarray:1193:1: note: candidate: 'template<class _Tp> std::_Expr<std::__detail::_BinClos<std::__shift_left, std::_ValArray, std::_ValArray, _Tp, _Tp>, typename std::__fun<std::__shift_left, _Tp>::result_type> std::operator<<(const std::valarray<_Tp>&, const std::valarray<_Tp>&)'
 1193 | _DEFINE_BINARY_OPERATOR(<<, __shift_left)
      | ^~~~~~~~~~~~~~~~~~~~~~~
/usr/include/c++/10.2.0/valarray:1193:1: note:   template argument deduction/substitution failed:
program.cpp:41:18: note:   'std::basic_ostream<char>' is not derived from 'const std::valarray<_Tp>'
   41 |   cout << ans << end;
      |                  ^~~
In file included from /usr/include/c++/10.2.0/x86_64-pc-linux-gnu/bits/stdc++.h:95,
                 from program.cpp:1:
/usr/include/c++/10.2.0/valarray:1193:1: note: candidate: 'template<class _Tp> std::_Expr<std::__detail::_BinClos<std::__shift_left, std::_ValArray, std::_Constant, _Tp, _Tp>, typename std::__fun<std::__shift_left, _Tp>::result_type> std::operator<<(const std::valarray<_Tp>&, const typename std::valarray<_Tp>::value_type&)'
 1193 | _DEFINE_BINARY_OPERATOR(<<, __shift_left)
      | ^~~~~~~~~~~~~~~~~~~~~~~
/usr/include/c++/10.2.0/valarray:1193:1: note:   template argument deduction/substitution failed:
program.cpp:41:18: note:   'std::basic_ostream<char>' is not derived from 'const std::valarray<_Tp>'
   41 |   cout << ans << end;
      |                  ^~~
In file included from /usr/include/c++/10.2.0/x86_64-pc-linux-gnu/bits/stdc++.h:95,
                 from program.cpp:1:
/usr/include/c++/10.2.0/valarray:1193:1: note: candidate: 'template<class _Tp> std::_Expr<std::__detail::_BinClos<std::__shift_left, std::_Constant, std::_ValArray, _Tp, _Tp>, typename std::__fun<std::__shift_left, _Tp>::result_type> std::operator<<(const typename std::valarray<_Tp>::value_type&, const std::valarray<_Tp>&)'
 1193 | _DEFINE_BINARY_OPERATOR(<<, __shift_left)
      | ^~~~~~~~~~~~~~~~~~~~~~~
/usr/include/c++/10.2.0/valarray:1193:1: note:   template argument deduction/substitution failed:
program.cpp:41:18: note:   couldn't deduce template parameter '_Tp'
   41 |   cout << ans << end;
      |                  ^~~
In file included from /usr/include/c++/10.2.0/future:39,
                 from /usr/include/c++/10.2.0/x86_64-pc-linux-gnu/bits/stdc++.h:105,
                 from program.cpp:1:
/usr/include/c++/10.2.0/thread:348:5: note: candidate: 'template<class _CharT, class _Traits> std::basic_ostream<_CharT, _Traits>& std::operator<<(std::basic_ostream<_CharT, _Traits>&, std::thread::id)'
  348 |     operator<<(basic_ostream<_CharT, _Traits>& __out, thread::id __id)
      |     ^~~~~~~~
/usr/include/c++/10.2.0/thread:348:5: note:   template argument deduction/substitution failed:
program.cpp:41:18: note:   cannot convert 'std::end' (type '<unresolved overloaded function type>') to type 'std::thread::id'
   41 |   cout << ans << end;
      |                  ^~~
In file included from /usr/include/c++/10.2.0/random:49,
                 from /usr/include/c++/10.2.0/x86_64-pc-linux-gnu/bits/stdc++.h:108,
                 from program.cpp:1:
/usr/include/c++/10.2.0/bits/random.h:1300:5: note: candidate: 'template<class _RandomNumberEngine, long unsigned int __w, class _UIntType, class _CharT, class _Traits> std::basic_ostream<_CharT, _Traits>& std::operator<<(std::basic_ostream<_CharT, _Traits>&, const std::independent_bits_engine<_RandomNumberEngine, __w, _UIntType>&)'
 1300 |     operator<<(std::basic_ostream<_CharT, _Traits>& __os,
      |     ^~~~~~~~
/usr/include/c++/10.2.0/bits/random.h:1300:5: note:   template argument deduction/substitution failed:
program.cpp:41:18: note:   couldn't deduce template parameter '_RandomNumberEngine'
   41 |   cout << ans << end;
      |                  ^~~
In file included from /usr/include/c++/10.2.0/random:51,
                 from /usr/include/c++/10.2.0/x86_64-pc-linux-gnu/bits/stdc++.h:108,
                 from program.cpp:1:
/usr/include/c++/10.2.0/bits/random.tcc:867:5: note: candidate: 'template<class _IntType, class _CharT, class _Traits> std::basic_ostream<_CharT, _Traits>& std::operator<<(std::basic_ostream<_CharT, _Traits>&, const std::uniform_int_distribution<_IntType>&)'
  867 |     operator<<(std::basic_ostream<_CharT, _Traits>& __os,
      |     ^~~~~~~~
/usr/include/c++/10.2.0/bits/random.tcc:867:5: note:   template argument deduction/substitution failed:
program.cpp:41:18: note:   couldn't deduce template parameter '_IntType'
   41 |   cout << ans << end;
      |                  ^~~
In file included from /usr/include/c++/10.2.0/random:51,
                 from /usr/include/c++/10.2.0/x86_64-pc-linux-gnu/bits/stdc++.h:108,
                 from program.cpp:1:
/usr/include/c++/10.2.0/bits/random.tcc:925:5: note: candidate: 'template<class _RealType, class _CharT, class _Traits> std::basic_ostream<_CharT, _Traits>& std::operator<<(std::basic_ostream<_CharT, _Traits>&, const std::uniform_real_distribution<_IntType>&)'
  925 |     operator<<(std::basic_ostream<_CharT, _Traits>& __os,
      |     ^~~~~~~~
/usr/include/c++/10.2.0/bits/random.tcc:925:5: note:   template argument deduction/substitution failed:
program.cpp:41:18: note:   couldn't deduce template parameter '_RealType'
   41 |   cout << ans << end;
      |                  ^~~
In file included from /usr/include/c++/10.2.0/random:51,
                 from /usr/include/c++/10.2.0/x86_64-pc-linux-gnu/bits/stdc++.h:108,
                 from program.cpp:1:
/usr/include/c++/10.2.0/bits/random.tcc:2110:5: note: candidate: 'template<class _RealType, class _CharT, class _Traits> std::basic_ostream<_CharT, _Traits>& std::operator<<(std::basic_ostream<_CharT, _Traits>&, const std::cauchy_distribution<_RealType>&)'
 2110 |     operator<<(std::basic_ostream<_CharT, _Traits>& __os,
      |     ^~~~~~~~
/usr/include/c++/10.2.0/bits/random.tcc:2110:5: note:   template argument deduction/substitution failed:
program.cpp:41:18: note:   couldn't deduce template parameter '_RealType'
   41 |   cout << ans << end;
      |                  ^~~
In file included from /usr/include/c++/10.2.0/random:51,
                 from /usr/include/c++/10.2.0/x86_64-pc-linux-gnu/bits/stdc++.h:108,
                 from program.cpp:1:
/usr/include/c++/10.2.0/bits/random.tcc:986:5: note: candidate: 'template<class _CharT, class _Traits> std::basic_ostream<_CharT, _Traits>& std::operator<<(std::basic_ostream<_CharT, _Traits>&, const std::bernoulli_distribution&)'
  986 |     operator<<(std::basic_ostream<_CharT, _Traits>& __os,
      |     ^~~~~~~~
/usr/include/c++/10.2.0/bits/random.tcc:986:5: note:   template argument deduction/substitution failed:
program.cpp:41:18: note:   cannot convert 'std::end' (type '<unresolved overloaded function type>') to type 'const std::bernoulli_distribution&'
   41 |   cout << ans << end;
      |                  ^~~
In file included from /usr/include/c++/10.2.0/random:51,
                 from /usr/include/c++/10.2.0/x86_64-pc-linux-gnu/bits/stdc++.h:108,
                 from program.cpp:1:
/usr/include/c++/10.2.0/bits/random.tcc:1067:5: note: candidate: 'template<class _IntType, class _CharT, class _Traits> std::basic_ostream<_CharT, _Traits>& std::operator<<(std::basic_ostream<_CharT, _Traits>&, const std::geometric_distribution<_IntType>&)'
 1067 |     operator<<(std::basic_ostream<_CharT, _Traits>& __os,
      |     ^~~~~~~~
/usr/include/c++/10.2.0/bits/random.tcc:1067:5: note:   template argument deduction/substitution failed:
program.cpp:41:18: note:   couldn't deduce template parameter '_IntType'
   41 |   cout << ans << end;
      |                  ^~~
In file included from /usr/include/c++/10.2.0/random:51,
                 from /usr/include/c++/10.2.0/x86_64-pc-linux-gnu/bits/stdc++.h:108,
                 from program.cpp:1:
/usr/include/c++/10.2.0/bits/random.tcc:1719:5: note: candidate: 'template<class _RealType, class _CharT, class _Traits> std::basic_ostream<_CharT, _Traits>& std::operator<<(std::basic_ostream<_CharT, _Traits>&, const std::exponential_distribution<_RealType>&)'
 1719 |     operator<<(std::basic_ostream<_CharT, _Traits>& __os,
      |     ^~~~~~~~
/usr/include/c++/10.2.0/bits/random.tcc:1719:5: note:   template argument deduction/substitution failed:
program.cpp:41:18: note:   couldn't deduce template parameter '_RealType'
   41 |   cout << ans << end;
      |                  ^~~
In file included from /usr/include/c++/10.2.0/random:51,
                 from /usr/include/c++/10.2.0/x86_64-pc-linux-gnu/bits/stdc++.h:108,
                 from program.cpp:1:
/usr/include/c++/10.2.0/bits/random.tcc:2504:5: note: candidate: 'template<class _RealType, class _CharT, class _Traits> std::basic_ostream<_CharT, _Traits>& std::operator<<(std::basic_ostream<_CharT, _Traits>&, const std::weibull_distribution<_RealType>&)'
 2504 |     operator<<(std::basic_ostream<_CharT, _Traits>& __os,
      |     ^~~~~~~~
/usr/include/c++/10.2.0/bits/random.tcc:2504:5: note:   template argument deduction/substitution failed:
program.cpp:41:18: note:   couldn't deduce template parameter '_RealType'
   41 |   cout << ans << end;
      |                  ^~~
In file included from /usr/include/c++/10.2.0/random:51,
                 from /usr/include/c++/10.2.0/x86_64-pc-linux-gnu/bits/stdc++.h:108,
                 from program.cpp:1:
/usr/include/c++/10.2.0/bits/random.tcc:2578:5: note: candidate: 'template<class _RealType, class _CharT, class _Traits> std::basic_ostream<_CharT, _Traits>& std::operator<<(std::basic_ostream<_CharT, _Traits>&, const std::extreme_value_distribution<_RealType>&)'
 2578 |     operator<<(std::basic_ostream<_CharT, _Traits>& __os,
      |     ^~~~~~~~
/usr/include/c++/10.2.0/bits/random.tcc:2578:5: note:   template argument deduction/substitution failed:
program.cpp:41:18: note:   couldn't deduce template parameter '_RealType'
   41 |   cout << ans << end;
      |                  ^~~
In file included from /usr/include/c++/10.2.0/random:51,
                 from /usr/include/c++/10.2.0/x86_64-pc-linux-gnu/bits/stdc++.h:108,
                 from program.cpp:1:
/usr/include/c++/10.2.0/bits/random.tcc:154:5: note: candidate: 'template<class _UIntType, _UIntType __a, _UIntType __c, _UIntType __m, class _CharT, class _Traits> std::basic_ostream<_CharT, _Traits>& std::operator<<(std::basic_ostream<_CharT, _Traits>&, const std::linear_congruential_engine<_UIntType, __a, __c, __m>&)'
  154 |     operator<<(std::basic_ostream<_CharT, _Traits>& __os,
      |     ^~~~~~~~
/usr/include/c++/10.2.0/bits/random.tcc:154:5: note:   template argument deduction/substitution failed:
program.cpp:41:18: note:   couldn't deduce template parameter '_UIntType'
   41 |   cout << ans << end;
      |                  ^~~
In file included from /usr/include/c++/10.2.0/random:51,
                 from /usr/include/c++/10.2.0/x86_64-pc-linux-gnu/bits/stdc++.h:108,
                 from program.cpp:1:
/usr/include/c++/10.2.0/bits/random.tcc:474:5: note: candidate: 'template<class _UIntType1, long unsigned int __w1, long unsigned int __n1, long unsigned int __m1, long unsigned int __r1, _UIntType1 __a1, long unsigned int __u1, _UIntType1 __d1, long unsigned int __s1, _UIntType1 __b1, long unsigned int __t1, _UIntType1 __c1, long unsigned int __l1, _UIntType1 __f1, class _CharT, class _Traits> std::basic_ostream<_CharT, _Traits>& std::operator<<(std::basic_ostream<_CharT, _Traits>&, const std::mersenne_twister_engine<_UIntType, __w, __n, __m, __r, __a, __u, __d, __s, __b, __t, __c, __l, __f>&)'
  474 |     operator<<(std::basic_ostream<_CharT, _Traits>& __os,
      |     ^~~~~~~~
/usr/include/c++/10.2.0/bits/random.tcc:474:5: note:   template argument deduction/substitution failed:
program.cpp:41:18: note:   couldn't deduce template parameter '_UIntType1'
   41 |   cout << ans << end;
      |                  ^~~
In file included from /usr/include/c++/10.2.0/random:51,
                 from /usr/include/c++/10.2.0/x86_64-pc-linux-gnu/bits/stdc++.h:108,
                 from program.cpp:1:
/usr/include/c++/10.2.0/bits/random.tcc:628:5: note: candidate: 'template<class _UIntType, long unsigned int __w, long unsigned int __s, long unsigned int __r, class _CharT, class _Traits> std::basic_ostream<_CharT, _Traits>& std::operator<<(std::basic_ostream<_CharT, _Traits>&, const std::subtract_with_carry_engine<_UIntType, __w, __s, __r>&)'
  628 |     operator<<(std::basic_ostream<_CharT, _Traits>& __os,
      |     ^~~~~~~~
/usr/include/c++/10.2.0/bits/random.tcc:628:5: note:   template argument deduction/substitution failed:
program.cpp:41:18: note:   couldn't deduce template parameter '_UIntType'
   41 |   cout << ans << end;
      |                  ^~~
In file included from /usr/include/c++/10.2.0/random:51,
                 from /usr/include/c++/10.2.0/x86_64-pc-linux-gnu/bits/stdc++.h:108,
                 from program.cpp:1:
/usr/include/c++/10.2.0/bits/random.tcc:696:5: note: candidate: 'template<class _RandomNumberEngine, long unsigned int __p, long unsigned int __r, class _CharT, class _Traits> std::basic_ostream<_CharT, _Traits>& std::operator<<(std::basic_ostream<_CharT, _Traits>&, const std::discard_block_engine<_RandomNumberEngine, __p, __r>&)'
  696 |     operator<<(std::basic_ostream<_CharT, _Traits>& __os,
      |     ^~~~~~~~
/usr/include/c++/10.2.0/bits/random.tcc:696:5: note:   template argument deduction/substitution failed:
program.cpp:41:18: note:   couldn't deduce template parameter '_RandomNumberEngine'
   41 |   cout << ans << end;
      |                  ^~~
In file included from /usr/include/c++/10.2.0/random:51,
                 from /usr/include/c++/10.2.0/x86_64-pc-linux-gnu/bits/stdc++.h:108,
                 from program.cpp:1:
/usr/include/c++/10.2.0/bits/random.tcc:823:5: note: candidate: 'template<class _RandomNumberEngine, long unsigned int __k, class _CharT, class _Traits> std::basic_ostream<_CharT, _Traits>& std::operator<<(std::basic_ostream<_CharT, _Traits>&, const std::shuffle_order_engine<_RandomNumberEngine, __k>&)'
  823 |     operator<<(std::basic_ostream<_CharT, _Traits>& __os,
      |     ^~~~~~~~
/usr/include/c++/10.2.0/bits/random.tcc:823:5: note:   template argument deduction/substitution failed:
program.cpp:41:18: note:   couldn't deduce template parameter '_RandomNumberEngine'
   41 |   cout << ans << end;
      |                  ^~~
In file included from /usr/include/c++/10.2.0/random:51,
                 from /usr/include/c++/10.2.0/x86_64-pc-linux-gnu/bits/stdc++.h:108,
                 from program.cpp:1:
/usr/include/c++/10.2.0/bits/random.tcc:1181:5: note: candidate: 'template<class _IntType, class _CharT, class _Traits> std::basic_ostream<_CharT, _Traits>& std::operator<<(std::basic_ostream<_CharT, _Traits>&, const std::negative_binomial_distribution<_IntType>&)'
 1181 |     operator<<(std::basic_ostream<_CharT, _Traits>& __os,
      |     ^~~~~~~~
/usr/include/c++/10.2.0/bits/random.tcc:1181:5: note:   template argument deduction/substitution failed:
program.cpp:41:18: note:   couldn't deduce template parameter '_IntType'
   41 |   cout << ans << end;
      |                  ^~~
In file included from /usr/include/c++/10.2.0/random:51,
                 from /usr/include/c++/10.2.0/x86_64-pc-linux-gnu/bits/stdc++.h:108,
                 from program.cpp:1:
/usr/include/c++/10.2.0/bits/random.tcc:1391:5: note: candidate: 'template<class _IntType, class _CharT, class _Traits> std::basic_ostream<_CharT, _Traits>& std::operator<<(std::basic_ostream<_CharT, _Traits>&, const std::poisson_distribution<_IntType>&)'
 1391 |     operator<<(std::basic_ostream<_CharT, _Traits>& __os,
      |     ^~~~~~~~
/usr/include/c++/10.2.0/bits/random.tcc:1391:5: note:   template argument deduction/substitution failed:
program.cpp:41:18: note:   couldn't deduce template parameter '_IntType'
   41 |   cout << ans << end;
      |                  ^~~
In file included from /usr/include/c++/10.2.0/random:51,
                 from /usr/include/c++/10.2.0/x86_64-pc-linux-gnu/bits/stdc++.h:108,
                 from program.cpp:1:
/usr/include/c++/10.2.0/bits/random.tcc:1657:5: note: candidate: 'template<class _IntType, class _CharT, class _Traits> std::basic_ostream<_CharT, _Traits>& std::operator<<(std::basic_ostream<_CharT, _Traits>&, const std::binomial_distribution<_IntType>&)'
 1657 |     operator<<(std::basic_ostream<_CharT, _Traits>& __os,
      |     ^~~~~~~~
/usr/include/c++/10.2.0/bits/random.tcc:1657:5: note:   template argument deduction/substitution failed:
program.cpp:41:18: note:   couldn't deduce template parameter '_IntType'
   41 |   cout << ans << end;
      |                  ^~~
In file included from /usr/include/c++/10.2.0/random:51,
                 from /usr/include/c++/10.2.0/x86_64-pc-linux-gnu/bits/stdc++.h:108,
                 from program.cpp:1:
/usr/include/c++/10.2.0/bits/random.tcc:1885:5: note: candidate: 'template<class _RealType1, class _CharT, class _Traits> std::basic_ostream<_CharT, _Traits>& std::operator<<(std::basic_ostream<_CharT, _Traits>&, const std::normal_distribution<_RealType>&)'
 1885 |     operator<<(std::basic_ostream<_CharT, _Traits>& __os,
      |     ^~~~~~~~
/usr/include/c++/10.2.0/bits/random.tcc:1885:5: note:   template argument deduction/substitution failed:
program.cpp:41:18: note:   couldn't deduce template parameter '_RealType1'
   41 |   cout << ans << end;
      |                  ^~~
In file included from /usr/include/c++/10.2.0/random:51,
                 from /usr/include/c++/10.2.0/x86_64-pc-linux-gnu/bits/stdc++.h:108,
                 from program.cpp:1:
/usr/include/c++/10.2.0/bits/random.tcc:1952:5: note: candidate: 'template<class _RealType, class _CharT, class _Traits> std::basic_ostream<_CharT, _Traits>& std::operator<<(std::basic_ostream<_CharT, _Traits>&, const std::lognormal_distribution<_RealType>&)'
 1952 |     operator<<(std::basic_ostream<_CharT, _Traits>& __os,
      |     ^~~~~~~~
/usr/include/c++/10.2.0/bits/random.tcc:1952:5: note:   template argument deduction/substitution failed:
program.cpp:41:18: note:   couldn't deduce template parameter '_RealType'
   41 |   cout << ans << end;
      |                  ^~~
In file included from /usr/include/c++/10.2.0/random:51,
                 from /usr/include/c++/10.2.0/x86_64-pc-linux-gnu/bits/stdc++.h:108,
                 from program.cpp:1:
/usr/include/c++/10.2.0/bits/random.tcc:2024:5: note: candidate: 'template<class _RealType, class _CharT, class _Traits> std::basic_ostream<_CharT, _Traits>& std::operator<<(std::basic_ostream<_CharT, _Traits>&, const std::chi_squared_distribution<_RealType>&)'
 2024 |     operator<<(std::basic_ostream<_CharT, _Traits>& __os,
      |     ^~~~~~~~
/usr/include/c++/10.2.0/bits/random.tcc:2024:5: note:   template argument deduction/substitution failed:
program.cpp:41:18: note:   couldn't deduce template parameter '_RealType'
   41 |   cout << ans << end;
      |                  ^~~
In file included from /usr/include/c++/10.2.0/random:51,
                 from /usr/include/c++/10.2.0/x86_64-pc-linux-gnu/bits/stdc++.h:108,
                 from program.cpp:1:
/usr/include/c++/10.2.0/bits/random.tcc:2185:5: note: candidate: 'template<class _RealType, class _CharT, class _Traits> std::basic_ostream<_CharT, _Traits>& std::operator<<(std::basic_ostream<_CharT, _Traits>&, const std::fisher_f_distribution<_RealType>&)'
 2185 |     operator<<(std::basic_ostream<_CharT, _Traits>& __os,
      |     ^~~~~~~~
/usr/include/c++/10.2.0/bits/random.tcc:2185:5: note:   template argument deduction/substitution failed:
program.cpp:41:18: note:   couldn't deduce template parameter '_RealType'
   41 |   cout << ans << end;
      |                  ^~~
In file included from /usr/include/c++/10.2.0/random:51,
                 from /usr/include/c++/10.2.0/x86_64-pc-linux-gnu/bits/stdc++.h:108,
                 from program.cpp:1:
/usr/include/c++/10.2.0/bits/random.tcc:2259:5: note: candidate: 'template<class _RealType, class _CharT, class _Traits> std::basic_ostream<_CharT, _Traits>& std::operator<<(std::basic_ostream<_CharT, _Traits>&, const std::student_t_distribution<_RealType>&)'
 2259 |     operator<<(std::basic_ostream<_CharT, _Traits>& __os,
      |     ^~~~~~~~
/usr/include/c++/10.2.0/bits/random.tcc:2259:5: note:   template argument deduction/substitution failed:
program.cpp:41:18: note:   couldn't deduce template parameter '_RealType'
   41 |   cout << ans << end;
      |                  ^~~
In file included from /usr/include/c++/10.2.0/random:51,
                 from /usr/include/c++/10.2.0/x86_64-pc-linux-gnu/bits/stdc++.h:108,
                 from program.cpp:1:
/usr/include/c++/10.2.0/bits/random.tcc:2428:5: note: candidate: 'template<class _RealType1, class _CharT, class _Traits> std::basic_ostream<_CharT, _Traits>& std::operator<<(std::basic_ostream<_CharT, _Traits>&, const std::gamma_distribution<_RealType>&)'
 2428 |     operator<<(std::basic_ostream<_CharT, _Traits>& __os,
      |     ^~~~~~~~
/usr/include/c++/10.2.0/bits/random.tcc:2428:5: note:   template argument deduction/substitution failed:
program.cpp:41:18: note:   couldn't deduce template parameter '_RealType1'
   41 |   cout << ans << end;
      |                  ^~~
In file included from /usr/include/c++/10.2.0/random:51,
                 from /usr/include/c++/10.2.0/x86_64-pc-linux-gnu/bits/stdc++.h:108,
                 from program.cpp:1:
/usr/include/c++/10.2.0/bits/random.tcc:2713:5: note: candidate: 'template<class _IntType, class _CharT, class _Traits> std::basic_ostream<_CharT, _Traits>& std::operator<<(std::basic_ostream<_CharT, _Traits>&, const std::discrete_distribution<_IntType>&)'
 2713 |     operator<<(std::basic_ostream<_CharT, _Traits>& __os,
      |     ^~~~~~~~
/usr/include/c++/10.2.0/bits/random.tcc:2713:5: note:   template argument deduction/substitution failed:
program.cpp:41:18: note:   couldn't deduce template parameter '_IntType'
   41 |   cout << ans << end;
      |                  ^~~
In file included from /usr/include/c++/10.2.0/random:51,
                 from /usr/include/c++/10.2.0/x86_64-pc-linux-gnu/bits/stdc++.h:108,
                 from program.cpp:1:
/usr/include/c++/10.2.0/bits/random.tcc:2934:5: note: candidate: 'template<class _RealType, class _CharT, class _Traits> std::basic_ostream<_CharT, _Traits>& std::operator<<(std::basic_ostream<_CharT, _Traits>&, const std::piecewise_constant_distribution<_RealType>&)'
 2934 |     operator<<(std::basic_ostream<_CharT, _Traits>& __os,
      |     ^~~~~~~~
/usr/include/c++/10.2.0/bits/random.tcc:2934:5: note:   template argument deduction/substitution failed:
program.cpp:41:18: note:   couldn't deduce template parameter '_RealType'
   41 |   cout << ans << end;
      |                  ^~~
In file included from /usr/include/c++/10.2.0/random:51,
                 from /usr/include/c++/10.2.0/x86_64-pc-linux-gnu/bits/stdc++.h:108,
                 from program.cpp:1:
/usr/include/c++/10.2.0/bits/random.tcc:3139:5: note: candidate: 'template<class _RealType, class _CharT, class _Traits> std::basic_ostream<_CharT, _Traits>& std::operator<<(std::basic_ostream<_CharT, _Traits>&, const std::piecewise_linear_distribution<_RealType>&)'
 3139 |     operator<<(std::basic_ostream<_CharT, _Traits>& __os,
      |     ^~~~~~~~
/usr/include/c++/10.2.0/bits/random.tcc:3139:5: note:   template argument deduction/substitution failed:
program.cpp:41:18: note:   couldn't deduce template parameter '_RealType'
   41 |   cout << ans << end;
      |                  ^~~

[Done] exited with code=1 in 1.187 seconds

[Running] cd "/home/rohit/cp/" && g++ program.cpp -o program && "/home/rohit/cp/"program

[Done] exited with code=0 in 1.113 seconds

[Running] cd "/home/rohit/cp/" && g++ program.cpp -o program && "/home/rohit/cp/"program

[Done] exited with code=0 in 1.125 seconds

